<?xml version="1.0" encoding="UTF-8"?>
<!-- Generated by org.testng.reporters.JUnitXMLReporter -->
<testsuite ignored="0" hostname="DESKTOP-CIOF56B" failures="1" tests="1" name="Default test" time="25.997" errors="0" timestamp="2022-12-13T21:14:20 COT">
  <testcase classname="io.cucumber.testng.AbstractTestNGCucumberTests" name="runScenario" time="20.875">
    <failure type="io.cucumber.java.PendingException" message="TODO: implement me">
      <![CDATA[io.cucumber.java.PendingException: TODO: implement me
at com.orange.definitions.RegisterEmployeeSteps.ingresa_opcion_pim(RegisterEmployeeSteps.java:28)
at ✽.ingresa opcion pim(file:///D:/dev-programs/workspace-eclipse/proyecto-grupo-04/src/test/resources/features/registerEmployee.feature:6)
]]>
    </failure>
  </testcase> <!-- runScenario -->
</testsuite> <!-- Default test -->
