<?xml version="1.0" encoding="UTF-8"?>
<testng-results ignored="0" total="1" passed="0" failed="1" skipped="0">
  <reporter-output>
  </reporter-output>
  <suite started-at="2022-12-13T21:13:54 COT" name="Default suite" finished-at="2022-12-13T21:14:20 COT" duration-ms="25997">
    <groups>
      <group name="cucumber">
        <method signature="AbstractTestNGCucumberTests.runScenario(io.cucumber.testng.PickleWrapper,io.cucumber.testng.FeatureWrapper)[pri:0, instance:com.orange.runner.Runner@557b6a37]" name="runScenario" class="io.cucumber.testng.AbstractTestNGCucumberTests"/>
      </group> <!-- cucumber -->
    </groups>
    <test started-at="2022-12-13T21:13:54 COT" name="Default test" finished-at="2022-12-13T21:14:20 COT" duration-ms="25997">
      <class name="com.orange.runner.Runner">
        <test-method is-config="true" signature="setUpClass(org.testng.ITestContext)[pri:0, instance:com.orange.runner.Runner@557b6a37]" started-at="2022-12-13T21:13:54 COT" name="setUpClass" finished-at="2022-12-13T21:13:55 COT" duration-ms="1603" status="PASS">
          <params>
            <param index="0">
              <value>
                <![CDATA[org.testng.TestRunner@67b2b30a]]>
              </value>
            </param>
          </params>
          <reporter-output>
          </reporter-output>
        </test-method> <!-- setUpClass -->
        <test-method signature="runScenario(io.cucumber.testng.PickleWrapper,io.cucumber.testng.FeatureWrapper)[pri:0, instance:com.orange.runner.Runner@557b6a37]" started-at="2022-12-13T21:13:55 COT" name="runScenario" description="Runs Cucumber Scenarios" data-provider="scenarios" finished-at="2022-12-13T21:14:16 COT" duration-ms="20875" status="FAIL">
          <params>
            <param index="0">
              <value>
                <![CDATA["Registrar un nuevo empleado"]]>
              </value>
            </param>
            <param index="1">
              <value>
                <![CDATA["Feature de prueba"]]>
              </value>
            </param>
          </params>
          <exception class="io.cucumber.java.PendingException">
            <message>
              <![CDATA[TODO: implement me]]>
            </message>
            <full-stacktrace>
              <![CDATA[io.cucumber.java.PendingException: TODO: implement me
at com.orange.definitions.RegisterEmployeeSteps.ingresa_opcion_pim(RegisterEmployeeSteps.java:28)
at ✽.ingresa opcion pim(file:///D:/dev-programs/workspace-eclipse/proyecto-grupo-04/src/test/resources/features/registerEmployee.feature:6)
]]>
            </full-stacktrace>
          </exception> <!-- io.cucumber.java.PendingException -->
          <reporter-output>
          </reporter-output>
        </test-method> <!-- runScenario -->
        <test-method is-config="true" signature="tearDownClass()[pri:0, instance:com.orange.runner.Runner@557b6a37]" started-at="2022-12-13T21:14:16 COT" name="tearDownClass" finished-at="2022-12-13T21:14:20 COT" duration-ms="3417" status="PASS">
          <reporter-output>
          </reporter-output>
        </test-method> <!-- tearDownClass -->
      </class> <!-- com.orange.runner.Runner -->
    </test> <!-- Default test -->
  </suite> <!-- Default suite -->
</testng-results>
