<?xml version="1.0" encoding="UTF-8"?>
<!-- Generated by org.testng.reporters.JUnitReportReporter -->
<testsuite hostname="DESKTOP-CIOF56B" failures="0" tests="1" name="com.orange.runner.Runner" time="20.875" errors="1" timestamp="2022-12-13T21:14:20 COT" skipped="0">
  <testcase classname="com.orange.runner.Runner" name="runScenario" time="20.875">
    <error message="TODO: implement me" type="io.cucumber.java.PendingException">
      <![CDATA[io.cucumber.java.PendingException: TODO: implement me
at com.orange.definitions.RegisterEmployeeSteps.ingresa_opcion_pim(RegisterEmployeeSteps.java:28)
at ✽.ingresa opcion pim(file:///D:/dev-programs/workspace-eclipse/proyecto-grupo-04/src/test/resources/features/registerEmployee.feature:6)
]]>
    </error>
  </testcase> <!-- runScenario -->
  <system-out/>
</testsuite> <!-- com.orange.runner.Runner -->
